<?xml version="1.0" encoding="UTF-8"?>
<!-- Generated by org.testng.reporters.JUnitXMLReporter -->
<testsuite hostname="DESKTOP-6C0L59N" failures="1" tests="2" name="Test" time="3.403" errors="0" timestamp="8 Jan 2024 02:33:24 GMT">
  <testcase classname="module.launchapplication" name="TC1" time="3.382">
    <failure type="org.openqa.selenium.SessionNotCreatedException" message="session not created: This version of ChromeDriver only supports Chrome version 113
Current browser version is 120.0.6099.131 with binary path C:\Program Files\Google\Chrome\Application\chrome.exe
Build info: version: &amp;apos;3.7.1&amp;apos;, revision: &amp;apos;8a0099a&amp;apos;, time: &amp;apos;2017-11-06T21:07:36.161Z&amp;apos;
System info: host: &amp;apos;DESKTOP-6C0L59N&amp;apos;, ip: &amp;apos;192.168.0.108&amp;apos;, os.name: &amp;apos;Windows 10&amp;apos;, os.arch: &amp;apos;amd64&amp;apos;, os.version: &amp;apos;10.0&amp;apos;, java.version: &amp;apos;17&amp;apos;
Driver info: driver.version: ChromeDriver
remote stacktrace: Backtrace:
	GetHandleVerifier [0x00358893+48451]
	(No symbol) [0x002EB8A1]
	(No symbol) [0x001F5058]
	(No symbol) [0x00215D9C]
	(No symbol) [0x00211AA3]
	(No symbol) [0x00210019]
	(No symbol) [0x00240798]
	(No symbol) [0x0024047C]
	(No symbol) [0x0023A0B6]
	(No symbol) [0x00217E08]
	(No symbol) [0x00218F2D]
	GetHandleVerifier [0x005B8E3A+2540266]
	GetHandleVerifier [0x005F8959+2801161]
	GetHandleVerifier [0x005F295C+2776588]
	GetHandleVerifier [0x003E2280+612144]
	(No symbol) [0x002F4F6C]
	(No symbol) [0x002F11D8]
	(No symbol) [0x002F12BB]
	(No symbol) [0x002E4857]
	BaseThreadInitThunk [0x75C7FCC9+25]
	RtlGetAppContainerNamedObjectPath [0x77CB7C6E+286]
	RtlGetAppContainerNamedObjectPath [0x77CB7C3E+238]
">
      <![CDATA[org.openqa.selenium.SessionNotCreatedException: session not created: This version of ChromeDriver only supports Chrome version 113
Current browser version is 120.0.6099.131 with binary path C:\Program Files\Google\Chrome\Application\chrome.exe
Build info: version: '3.7.1', revision: '8a0099a', time: '2017-11-06T21:07:36.161Z'
System info: host: 'DESKTOP-6C0L59N', ip: '192.168.0.108', os.name: 'Windows 10', os.arch: 'amd64', os.version: '10.0', java.version: '17'
Driver info: driver.version: ChromeDriver
remote stacktrace: Backtrace:
	GetHandleVerifier [0x00358893+48451]
	(No symbol) [0x002EB8A1]
	(No symbol) [0x001F5058]
	(No symbol) [0x00215D9C]
	(No symbol) [0x00211AA3]
	(No symbol) [0x00210019]
	(No symbol) [0x00240798]
	(No symbol) [0x0024047C]
	(No symbol) [0x0023A0B6]
	(No symbol) [0x00217E08]
	(No symbol) [0x00218F2D]
	GetHandleVerifier [0x005B8E3A+2540266]
	GetHandleVerifier [0x005F8959+2801161]
	GetHandleVerifier [0x005F295C+2776588]
	GetHandleVerifier [0x003E2280+612144]
	(No symbol) [0x002F4F6C]
	(No symbol) [0x002F11D8]
	(No symbol) [0x002F12BB]
	(No symbol) [0x002E4857]
	BaseThreadInitThunk [0x75C7FCC9+25]
	RtlGetAppContainerNamedObjectPath [0x77CB7C6E+286]
	RtlGetAppContainerNamedObjectPath [0x77CB7C3E+238]

	at org.openqa.selenium.remote.W3CHandshakeResponse.lambda$new$0(W3CHandshakeResponse.java:57)
	at org.openqa.selenium.remote.W3CHandshakeResponse.lambda$getResponseFunction$2(W3CHandshakeResponse.java:104)
	at org.openqa.selenium.remote.ProtocolHandshake.lambda$createSession$0(ProtocolHandshake.java:123)
	at java.base/java.util.stream.ReferencePipeline$3$1.accept(ReferencePipeline.java:197)
	at java.base/java.util.Spliterators$ArraySpliterator.tryAdvance(Spliterators.java:1002)
	at java.base/java.util.stream.ReferencePipeline.forEachWithCancel(ReferencePipeline.java:129)
	at java.base/java.util.stream.AbstractPipeline.copyIntoWithCancel(AbstractPipeline.java:527)
	at java.base/java.util.stream.AbstractPipeline.copyInto(AbstractPipeline.java:513)
	at java.base/java.util.stream.AbstractPipeline.wrapAndCopyInto(AbstractPipeline.java:499)
	at java.base/java.util.stream.FindOps$FindOp.evaluateSequential(FindOps.java:150)
	at java.base/java.util.stream.AbstractPipeline.evaluate(AbstractPipeline.java:234)
	at java.base/java.util.stream.ReferencePipeline.findFirst(ReferencePipeline.java:647)
	at org.openqa.selenium.remote.ProtocolHandshake.createSession(ProtocolHandshake.java:126)
	at org.openqa.selenium.remote.ProtocolHandshake.createSession(ProtocolHandshake.java:73)
	at org.openqa.selenium.remote.HttpCommandExecutor.execute(HttpCommandExecutor.java:142)
	at org.openqa.selenium.remote.service.DriverCommandExecutor.execute(DriverCommandExecutor.java:83)
	at org.openqa.selenium.remote.RemoteWebDriver.execute(RemoteWebDriver.java:600)
	at org.openqa.selenium.remote.RemoteWebDriver.startSession(RemoteWebDriver.java:219)
	at org.openqa.selenium.remote.RemoteWebDriver.<init>(RemoteWebDriver.java:142)
	at org.openqa.selenium.chrome.ChromeDriver.<init>(ChromeDriver.java:181)
	at org.openqa.selenium.chrome.ChromeDriver.<init>(ChromeDriver.java:168)
	at org.openqa.selenium.chrome.ChromeDriver.<init>(ChromeDriver.java:123)
	at module.launchapplication.TC1(launchapplication.java:23)
... Removed 28 stack frames]]>
    </failure>
  </testcase> <!-- TC1 -->
  <testcase classname="module.launchapplication" name="TC2" time="0.0"/>
</testsuite> <!-- Test -->
